<?xml version="1.0" encoding="utf-8"?><testsuites name="pytest tests"><testsuite name="pytest" errors="0" failures="0" skipped="0" tests="17" time="3.700" timestamp="2026-05-05T08:15:02.050149+00:00" hostname="agent-env-eb396861-08a1-4979-84a5-1e71aff04232"><testcase classname="backend.tests.backend_test.TestAuth" name="test_admin_login" time="0.367" /><testcase classname="backend.tests.backend_test.TestAuth" name="test_admin_login_bad" time="0.336" /><testcase classname="backend.tests.backend_test.TestAuth" name="test_therapists_list_public" time="0.084" /><testcase classname="backend.tests.backend_test.TestAuth" name="test_therapist_login" time="0.463" /><testcase classname="backend.tests.backend_test.TestClients" name="test_clients_count_25" time="0.423" /><testcase classname="backend.tests.backend_test.TestClients" name="test_clients_have_locations" time="0.281" /><testcase classname="backend.tests.backend_test.TestClients" name="test_saleh_009_three_locations" time="0.118" /><testcase classname="backend.tests.backend_test.TestClients" name="test_salman_038_two_locations_ss_hs" time="0.081" /><testcase classname="backend.tests.backend_test.TestIntake" name="test_intake_admin_returns_25" time="0.118" /><testcase classname="backend.tests.backend_test.TestIntake" name="test_intake_new_fields_present" time="0.084" /><testcase classname="backend.tests.backend_test.TestIntake" name="test_intake_therapist_403" time="0.081" /><testcase classname="backend.tests.backend_test.TestIntake" name="test_intake_create_with_priority" time="0.272" /><testcase classname="backend.tests.backend_test.TestResources" name="test_resources_admin_sees_5" time="0.110" /><testcase classname="backend.tests.backend_test.TestResources" name="test_resources_therapist_sees_3" time="0.077" /><testcase classname="backend.tests.backend_test.TestResources" name="test_resources_crud" time="0.332" /><testcase classname="backend.tests.backend_test.TestDirectory" name="test_directory_5_seeded" time="0.072" /><testcase classname="backend.tests.backend_test.TestDirectory" name="test_directory_edit" time="0.311" /></testsuite></testsuites>