<?xml version="1.0" encoding="utf-8"?><testsuites name="pytest tests"><testsuite name="pytest" errors="0" failures="0" skipped="0" tests="13" time="9.774" timestamp="2026-05-05T13:50:19.642642+00:00" hostname="agent-env-eb396861-08a1-4979-84a5-1e71aff04232"><testcase classname="backend.tests.v7_test.TestScheduleImport" name="test_may_week_has_107_cells" time="1.720" /><testcase classname="backend.tests.v7_test.TestScheduleImport" name="test_cells_have_service_code_and_child" time="0.297" /><testcase classname="backend.tests.v7_test.TestLeavesAdmin" name="test_leaves_2026_returns_31_enriched" time="0.142" /><testcase classname="backend.tests.v7_test.TestLeavesAdmin" name="test_balance_returns_17_rows" time="0.128" /><testcase classname="backend.tests.v7_test.TestLeavesAdmin" name="test_waad_balance_used_21_remaining_9" time="0.134" /><testcase classname="backend.tests.v7_test.TestLeavesTherapist" name="test_waad_sees_only_own_leaves" time="0.703" /><testcase classname="backend.tests.v7_test.TestLeavesTherapist" name="test_waad_balance_only_own_row" time="0.543" /><testcase classname="backend.tests.v7_test.TestLeaveFlow" name="test_therapist_create_leave_pending_and_approve" time="3.039" /><testcase classname="backend.tests.v7_test.TestCancelNotify" name="test_cancel_notify_creates_queue_item" time="1.657" /><testcase classname="backend.tests.v7_test.TestSessionsExport" name="test_export_returns_xlsx" time="0.488" /><testcase classname="backend.tests.v7_test.TestEmailSettings" name="test_get_email_settings" time="0.156" /><testcase classname="backend.tests.v7_test.TestEmailSettings" name="test_post_settings_persists" time="0.246" /><testcase classname="backend.tests.v7_test.TestEmailSettings" name="test_email_queue_admin_only" time="0.425" /></testsuite></testsuites>